# JRE version: Java(TM) SE Runtime Environment (7.0_51-b13) (build 1.7.0_51-b13)
# Java VM: Java HotSpot(TM) 64-Bit Server VM (24.51-b03 mixed mode bsd-amd64 compressed oops)
Heap
 PSYoungGen      total 41472K, used 28535K [0x00000007d5500000, 0x00000007d8700000, 0x0000000800000000)
  eden space 32768K, 65% used [0x00000007d5500000,0x00000007d69ea6e0,0x00000007d7500000)
  from space 8704K, 81% used [0x00000007d7e00000,0x00000007d84f38b0,0x00000007d8680000)
  to   space 9216K, 0% used [0x00000007d7500000,0x00000007d7500000,0x00000007d7e00000)
 ParOldGen       total 87040K, used 4640K [0x0000000780000000, 0x0000000785500000, 0x00000007d5500000)
  object space 87040K, 5% used [0x0000000780000000,0x0000000780488010,0x0000000785500000)
 PSPermGen       total 21504K, used 6400K [0x000000077ae00000, 0x000000077c300000, 0x0000000780000000)
  object space 21504K, 29% used [0x000000077ae00000,0x000000077b4401d8,0x000000077c300000)
GC Heap History (10 events):
Event: 10.100 GC heap before
{Heap before GC invocations=2 (full 0):
 PSYoungGen      total 38912K, used 37376K [0x00000007d5500000, 0x00000007d8000000, 0x0000000800000000)
  eden space 33792K, 100% used [0x00000007d5500000,0x00000007d7600000,0x00000007d7600000)
  from space 5120K, 70% used [0x00000007d7600000,0x00000007d79803d8,0x00000007d7b00000)
  to   space 5120K, 0% used [0x00000007d7b00000,0x00000007d7b00000,0x00000007d8000000)
 ParOldGen       total 87040K, used 72K [0x0000000780000000, 0x0000000785500000, 0x00000007d5500000)
  object space 87040K, 0% used [0x0000000780000000,0x0000000780012010,0x0000000785500000)
 PSPermGen       total 21504K, used 6340K [0x000000077ae00000, 0x000000077c300000, 0x0000000780000000)
  object space 21504K, 29% used [0x000000077ae00000,0x000000077b4311c8,0x000000077c300000)
Event: 10.104 GC heap after
Heap after GC invocations=2 (full 0):
 PSYoungGen      total 38912K, used 4030K [0x00000007d5500000, 0x00000007d8000000, 0x0000000800000000)
  eden space 33792K, 0% used [0x00000007d5500000,0x00000007d5500000,0x00000007d7600000)
  from space 5120K, 78% used [0x00000007d7b00000,0x00000007d7eef8a0,0x00000007d8000000)
  to   space 5120K, 0% used [0x00000007d7600000,0x00000007d7600000,0x00000007d7b00000)
 ParOldGen       total 87040K, used 80K [0x0000000780000000, 0x0000000785500000, 0x00000007d5500000)
  object space 87040K, 0% used [0x0000000780000000,0x0000000780014010,0x0000000785500000)
 PSPermGen       total 21504K, used 6340K [0x000000077ae00000, 0x000000077c300000, 0x0000000780000000)
  object space 21504K, 29% used [0x000000077ae00000,0x000000077b4311c8,0x000000077c300000)
}
Event: 16.056 GC heap before
{Heap before GC invocations=3 (full 0):
 PSYoungGen      total 38912K, used 37795K [0x00000007d5500000, 0x00000007d8000000, 0x0000000800000000)
  eden space 33792K, 99% used [0x00000007d5500000,0x00000007d75f9640,0x00000007d7600000)
  from space 5120K, 78% used [0x00000007d7b00000,0x00000007d7eef8a0,0x00000007d8000000)
  to   space 5120K, 0% used [0x00000007d7600000,0x00000007d7600000,0x00000007d7b00000)
 ParOldGen       total 87040K, used 80K [0x0000000780000000, 0x0000000785500000, 0x00000007d5500000)
  object space 87040K, 0% used [0x0000000780000000,0x0000000780014010,0x0000000785500000)
 PSPermGen       total 21504K, used 6346K [0x000000077ae00000, 0x000000077c300000, 0x0000000780000000)
  object space 21504K, 29% used [0x000000077ae00000,0x000000077b432978,0x000000077c300000)
Event: 16.060 GC heap after
Heap after GC invocations=3 (full 0):
 PSYoungGen      total 38912K, used 5102K [0x00000007d5500000, 0x00000007d8000000, 0x0000000800000000)
  eden space 33792K, 0% used [0x00000007d5500000,0x00000007d5500000,0x00000007d7600000)
  from space 5120K, 99% used [0x00000007d7600000,0x00000007d7afb8b0,0x00000007d7b00000)
  to   space 5120K, 0% used [0x00000007d7b00000,0x00000007d7b00000,0x00000007d8000000)
 ParOldGen       total 87040K, used 576K [0x0000000780000000, 0x0000000785500000, 0x00000007d5500000)
  object space 87040K, 0% used [0x0000000780000000,0x0000000780090010,0x0000000785500000)
 PSPermGen       total 21504K, used 6346K [0x000000077ae00000, 0x000000077c300000, 0x0000000780000000)
  object space 21504K, 29% used [0x000000077ae00000,0x000000077b432978,0x000000077c300000)
}
Event: 22.030 GC heap before
{Heap before GC invocations=4 (full 0):
 PSYoungGen      total 38912K, used 38894K [0x00000007d5500000, 0x00000007d8000000, 0x0000000800000000)
  eden space 33792K, 100% used [0x00000007d5500000,0x00000007d7600000,0x00000007d7600000)
  from space 5120K, 99% used [0x00000007d7600000,0x00000007d7afb8b0,0x00000007d7b00000)
  to   space 5120K, 0% used [0x00000007d7b00000,0x00000007d7b00000,0x00000007d8000000)
 ParOldGen       total 87040K, used 576K [0x0000000780000000, 0x0000000785500000, 0x00000007d5500000)
  object space 87040K, 0% used [0x0000000780000000,0x0000000780090010,0x0000000785500000)
 PSPermGen       total 21504K, used 6363K [0x000000077ae00000, 0x000000077c300000, 0x0000000780000000)
  object space 21504K, 29% used [0x000000077ae00000,0x000000077b436ee8,0x000000077c300000)
Event: 22.034 GC heap after
Heap after GC invocations=4 (full 0):
 PSYoungGen      total 38912K, used 5118K [0x00000007d5500000, 0x00000007d8000000, 0x0000000800000000)
  eden space 33792K, 0% used [0x00000007d5500000,0x00000007d5500000,0x00000007d7600000)
  from space 5120K, 99% used [0x00000007d7b00000,0x00000007d7fffaf0,0x00000007d8000000)
  to   space 5120K, 0% used [0x00000007d7600000,0x00000007d7600000,0x00000007d7b00000)
 ParOldGen       total 87040K, used 2584K [0x0000000780000000, 0x0000000785500000, 0x00000007d5500000)
  object space 87040K, 2% used [0x0000000780000000,0x0000000780286010,0x0000000785500000)
 PSPermGen       total 21504K, used 6363K [0x000000077ae00000, 0x000000077c300000, 0x0000000780000000)
  object space 21504K, 29% used [0x000000077ae00000,0x000000077b436ee8,0x000000077c300000)
}
Event: 28.070 GC heap before
{Heap before GC invocations=5 (full 0):
 PSYoungGen      total 38912K, used 38910K [0x00000007d5500000, 0x00000007d8000000, 0x0000000800000000)
  eden space 33792K, 100% used [0x00000007d5500000,0x00000007d7600000,0x00000007d7600000)
  from space 5120K, 99% used [0x00000007d7b00000,0x00000007d7fffaf0,0x00000007d8000000)
  to   space 5120K, 0% used [0x00000007d7600000,0x00000007d7600000,0x00000007d7b00000)
 ParOldGen       total 87040K, used 2584K [0x0000000780000000, 0x0000000785500000, 0x00000007d5500000)
  object space 87040K, 2% used [0x0000000780000000,0x0000000780286010,0x0000000785500000)
 PSPermGen       total 21504K, used 6384K [0x000000077ae00000, 0x000000077c300000, 0x0000000780000000)
  object space 21504K, 29% used [0x000000077ae00000,0x000000077b43c360,0x000000077c300000)
Event: 28.074 GC heap after
Heap after GC invocations=5 (full 0):
 PSYoungGen      total 38400K, used 5118K [0x00000007d5500000, 0x00000007d8680000, 0x0000000800000000)
  eden space 33280K, 0% used [0x00000007d5500000,0x00000007d5500000,0x00000007d7580000)
  from space 5120K, 99% used [0x00000007d7600000,0x00000007d7affaf0,0x00000007d7b00000)
  to   space 8704K, 0% used [0x00000007d7e00000,0x00000007d7e00000,0x00000007d8680000)
 ParOldGen       total 87040K, used 4632K [0x0000000780000000, 0x0000000785500000, 0x00000007d5500000)
  object space 87040K, 5% used [0x0000000780000000,0x0000000780486010,0x0000000785500000)
 PSPermGen       total 21504K, used 6384K [0x000000077ae00000, 0x000000077c300000, 0x0000000780000000)
  object space 21504K, 29% used [0x000000077ae00000,0x000000077b43c360,0x000000077c300000)
}
Event: 33.975 GC heap before
{Heap before GC invocations=6 (full 0):
 PSYoungGen      total 38400K, used 38398K [0x00000007d5500000, 0x00000007d8680000, 0x0000000800000000)
  eden space 33280K, 100% used [0x00000007d5500000,0x00000007d7580000,0x00000007d7580000)
  from space 5120K, 99% used [0x00000007d7600000,0x00000007d7affaf0,0x00000007d7b00000)
  to   space 8704K, 0% used [0x00000007d7e00000,0x00000007d7e00000,0x00000007d8680000)
 ParOldGen       total 87040K, used 4632K [0x0000000780000000, 0x0000000785500000, 0x00000007d5500000)
  object space 87040K, 5% used [0x0000000780000000,0x0000000780486010,0x0000000785500000)
 PSPermGen       total 21504K, used 6385K [0x000000077ae00000, 0x000000077c300000, 0x0000000780000000)
  object space 21504K, 29% used [0x000000077ae00000,0x000000077b43c580,0x000000077c300000)
Event: 33.980 GC heap after
Heap after GC invocations=6 (full 0):
 PSYoungGen      total 41472K, used 7118K [0x00000007d5500000, 0x00000007d8700000, 0x0000000800000000)
  eden space 32768K, 0% used [0x00000007d5500000,0x00000007d5500000,0x00000007d7500000)
  from space 8704K, 81% used [0x00000007d7e00000,0x00000007d84f38b0,0x00000007d8680000)
  to   space 9216K, 0% used [0x00000007d7500000,0x00000007d7500000,0x00000007d7e00000)
 ParOldGen       total 87040K, used 4640K [0x0000000780000000, 0x0000000785500000, 0x00000007d5500000)
  object space 87040K, 5% used [0x0000000780000000,0x0000000780488010,0x0000000785500000)
 PSPermGen       total 21504K, used 6385K [0x000000077ae00000, 0x000000077c300000, 0x0000000780000000)
  object space 21504K, 29% used [0x000000077ae00000,0x000000077b43c580,0x000000077c300000)
}

